[   .000000] Initializing cgroup subsys cpuset
[    0.000000] Initializing cgroup subsys cpu
[    0.000000] Initializin crroupsusy cacct
[    0.000000] Linux versin 4.4.0-141-generic (buildd@lcy01-amd64-006) (gcc version 5.4.0 20160609 (Ubuntu 5.4.0-6ubuntu1~16.04.1 ) #167-unttu S Wd ec 5 0:0:15TC 2018 (Ubuntu 4.4.0-141.167-generic 4.4.1622)
[    0.000000] Command line: BOOT_IMAGE=/boot/vmlinuz-4.4.0-141-generic root=LABEL=cloudimg-rootfs ro console=tty1 console=ttyS0
[    0.000000] KERNEL supported cpus:
[    0.000000]   Intel GenuieIntel
[    0.000000]   AMD AuthenticAMD
[    0.000000]   CentaurCentaurHauls
[    0.000000] x86/fpu: xstate_offset[2]:  576, xstate_sizes[2]:  256
[    0.000000] x86/fpu: Supporting XSAVE feature 0x01: 'x87 floating point registers'
[    0.000000] x86/fpu: Supporting XSAVE feature 0x02: 'SSE regsters'
[    000000] x86/fpu: Supporting XSAVE feature 0x04: 'AVX registers'
[    0.000000] x86/fpu: Enabled xstate features 0x7, context size is 832 bytes, using 'standard' format.
[    0.000000] e820: BIOS-provided physical RAM map:
[    0.0000] BIOS-e820: [mem 0x0000000000000000-0x000000000009fbff] usable
[    0.000000] BIOS-e820: [mem 0x000000000009fc00-0x000000000009ffff] reserved
[    0.000000] BIOS-e820: [mem 0x00000000000f0000-0x00000000000fffff] reserved
[    0.000000] BIOS-e820: [mem 0x0000000000100000-0x000000007fffff]usabl
[    0.000000] BIOS-e820: [mem 0x000000007fff0000-0x000000007fffffff] AC data
[    0.000000] BIOS-e820: [mem 0x00000000fec00000-0x00000000fec00fff] reserved
[    0.000000] BIOS-e820: [mem 0x00000000fee00000-0x00000000fee00fff] reserved
[    0.000000] BIOS-e820: [mem 0x00000000fffc0000-0x00000000ffffffff] reserved
[    0.000000] NX (Execute Disable) protectionacive
[    0.000000] SMBIOS 2.5 present.
[    0.000000] Hypervisor detectd: KVM
[    0.000000] e820: last_pfn = 0x7fff0 max_arch_pfn = 0x400000000
[    0.000000] MTRR: Disabled
[    0.000000] x86/PAT: MTRRs disabled, skipping PAT initialization too.
[    0.000000] CPU MTRRs all blank - virtualized system.
[    0.000000] x86/PAT: Configuration [0-7]: WB  WT  UC- UC  WB  WT  UC- UC  
[    0.000000] found SMP MP-table at [mem 0x0009fff0-0x0009ffff] mapped at [ffff88000009fff0]
[    0.000000] Scanning 1 areas for low memory corruption
[    0.000000] RAMDISK: [mem 0x36306000-0x3717afff]
[    0.000000] ACPI: Early table checksum verification disabled
[    0.000000] ACPI: RSDP 0x00000000000E0000 000024 (v02 VBOX  )
[    000000] ACPI: XSDT 0x000000007FFF0030 00003C (v01 VBOX   VBOXXSDT 00000001 ASL  00000061)
[    0.000000] ACPI: FACP 0x000000007FFF00F0 0000F4 (v04 VBOX   VBOXFACP 00000001 ASL  00000061)
[    0.000000] ACPI: DSDT 0x000000007FFF0470 0021FF (v02 VBOX   VBOXBIOS 00000002 INTL 20100528)
[    0.0000] ACPI: FACS 0x00000007FFF0200 000040
[    0.000000] PI FACS 0x000000007FFF0200 000040
[    0.000000] ACPI: APIC 0x000000007FFF0240 00005C (v02 VBOX   VBOXAPIC 00000001 ASL  00000061)
[    0.000000] ACPI: SSDT 0x000000007FFF02A0 0001CC (v01 VBOX   VBOXCPUT 00000002 INTL 20100528)
[    0.000000] No NUMA configuration found
[    0.000000] Faking a node at [mem 0x0000000000000000-0x0000007ffeffff]
[    0.000000] NODE_DATA(0) allocated [mem 0x7ffeb000-0x7ffeffff]
[    0.000000] kvm-clock: Using msrs 4b564d01 and 4b564d00
[    0.000000] kvm-clock: cpu 0, msr 0:7ffe3001, primary cpu clock
[    0.000000] kvm-clock: using sched offset of 5215162587 cyces
[    0.000000] clocksour: kvm-clock: mask: 0xffffffffffffffff max_cycles: 0x1cd42e4dffb, max_idle_ns: 881590591483 ns
[    0.000000] Zone ranges:
[    0.000000]   DMA      [mem 0x0000000000001000-0x0000000000ffffff]
[    0.000000]   DMA32    [mem 0x000000001000000-0x000000007ffeffff
    0.0000]  Normal   empty
[    0.000000]   Device   empty
[    0.000000] Movable zone startfor each node
[    0.0000] Early memory node nges
[    0.000000]   node   0: [mem 0x0000000000001000-0x000000000009efff]
[    0.000000]   node   0: [mem 0x000000000100000-0x000000007ffeffff]
[     0.000000] Initm setup node 0 [mem 0x0000000000001000-0x000000007ffeffff]
[    0.000000] ACPI: PM-Timer IO Pot: 0x4008
[    0.000000] IOAPIC[0]: apic_id 2, version 32, address 0xfec00000, GSI-23
[    0.00000] ACPI: INT_SRC_OVR (bus 0 bus_irq 0 global_irq 2 dfl dfl)
[    0.000000] ACPI: INT_SRC_OVR (bus 0 bus_irq 9 global_irq 9 low level)
[    0.000000] UsingCPI (MADT) for SMP configuration informaion
[    0.000000] smpboot: Allowing 2 CPUs, 0 hotug CPUs
[    0.000000] PM: Registered nosave memory: [mem 0x0000000-0x00000fff]
[    0.000000] PM: Registered nosave memry: [mem 0x0009f000-0x00009fff]
[    0.00000] PM: Registered nosave memory: [mem0x000a0000-0x000effff]
[    0.000000] PM: Registered nosave memory: [memm 0x000f0000-0x000fffff]
[    0.000000] e820: [mem 0x80000000-0xfebfffff] available for PCI devices
[    0.000000] Booting paravirtualized kernel on KVM
[    0.000000] clocksource: refined-jiffies: mask: 0xffffffff max_cycles: 0xffffffff, max_idle_ns: 7645519600211568 ns
[    0.000000] setup_percpu: NR_CPUS:512 nr_cpumask_bits:512 nrcpu_ids2 r_node_s:1
[   0.000000] PERCPU: Embded 34 ages/pu @fff88007fc00000 s9960r819 d31464 u1048576
[    0.000000] PV qspinlock hash table entries: 256  (order: 0, 4096 bytes)
[    0.000000] Built 1 zonelists in Node oder, mobility grouping on.  Total pages: 515960
[    0.00000] olicyzone: A32
[    0.000000] Kernel command line: BOT_IMAGE=/boot/vmlinuz-4.40-141-generic root=LABL=oudimg-rootfs ro console=tty1 console=ttyS0
[    0.00] PID hash tab etres: 46 (orer: 3, 32768 bytes)
[    0.000000] emory: 2029892K/96696K avilable (8568Kkernel code, 1314K rwdata, 4008K rodata, 1528K init, 1316K bss, 66804K reserved, 0K cma-reserved)
  .000000] SLB: HWaign=64,Order=0-3, MinObjects=0, CPUs2, Nodes=1
    0.000000] ernel/ser page tables isolation: enabled
[    0.000000] Hierarchical RCU implementation.
[    0.000000] 	Buld-time adjustment of leaf fanout to 64.
[   0.000000] 	RCU resriting CPUs from NR_CPU=512 to nrpu_id=2.
[    0.0000] RCU: Adjusting geometry for rcu_fanout_leaf=64, nr_cpu_ids=2
[    0.000000] NR_IRQS:33024 nr_irqs:440 16
[    .00000] Console: colorr VGA+ 80x25
[    0.000000] console [tty1] enabled
[   0.000000] console [ttyS0] enabled
[    0.000000] tsc: Detected 304.000 MHz processor
[    2.813894] Calibrating delay loop (skipped) preset value.. 7008.00 BogoMIPS (lpj=14016000)
[    2.829148] pid_max: default: 32768 minimum: 301
[    2.834042] ACPI: Core revision 20150930
[    2.836620] ACPI: 2 ACPI AML tables successfully acquired and loaded
[    2.853783] Security Framework initialized
[    2.872760] Yama: becoming mindful.
[    2.880298] AppArmor: AppArmor initialized
[    2.882899] Dentry cache hash table entries: 262144 (order: 9, 2097152 bytes)
[    2.886352] Inode-cache hash table entries: 131072 (order: 8, 1048576 bytes)
[    2.902806] Mount-cache hash table entries: 4096 (order: 3, 32768 bytes)
[    2.913243] Mountpoint-cache hash table entries: 4096 (order: 3, 32768 bytes)
[    2.935446] Initializing cgroup subsys io
[    2.941054] Initializing cgroup subsys memory
[    2.942345] Initializing cgroup subsys devices
[    2.972371] Initializing cgroup subsys freezer
[    2.990384] Initializing cgroup subsys net_cls
[    2.997836] Initializing cgroup subsys perf_event
[    3.009193] Initializing cgroup subsys net_prio
[    3.010304] Initializing cgroup subsys hugetlb
[    3.021441] Initializing cgroup subsys pids
[    3.030486] mce: CPU supports 0 MCE banks
[    3.032081] Last level iTLB entries: 4KB 64, 2MB 8, 4MB 8
[    3.053208] Last level dTLB entries: 4KB 64, 2MB 0, 4MB 0, 1GB 4
[    3.054526] Spectre V2 : Mitigation: Full generic retpoline
[    3.056138] Spectre V2 : Spectre v2 mitigation: Speculation control IBPB not-supported IBRS not-supported
[    3.064904] Spectre V2 : Spectre v2 / SpectreRSB mitigation: Filling RSB on context switch
[    3.081645] Speculative Store Bypass: Vulnerable
[    3.084809] Freeing SMP alternatives memory: 32K
[    3.092412] ftrace: allocating 32291 entries in 127 pages
[    3.148360] smpboot: APIC(0) Converting physical 0 to logical package 0
[    3.171046] smpboot: Max logical packages: 1
[    3.173040] x2apic enabled
[    3.179949] Switched APIC routing to physical x2apic.
[    3.182475] ..TIMER: vector=0x30 apic1=0 pin1=2 apic2=-1 pin2=-1
[    3.289119] smpboot: CPU0: Intel(R) Core(TM) i7-7567U CPU @ 3.50GHz (family: 0x6, model: 0x8e, stepping: 0x9)
[    3.295948] Performance Events: unsupported p6 CPU model 142 no PMU driver, software events only.
[    3.298516] KVM setup paravirtual spinlock
[    3.301502] x86: Booting SMP configuration:
[    3.302796] .... node  #0, CPUs:      #1
[    3.309762] kvm-clock: cpu 1, msr 0:7ffe3041, secondary cpu clock
[    3.313467] mce: CPU supports 0 MCE banks
[    3.316505] x86: Booted up 1 node, 2 CPUs
[    3.323177] smpboot: Total of 2 processors activated (14016.00 BogoMIPS)
[    3.325142] devtmpfs: initialized
[    3.334313] evm: security.selinux
[    3.343636] evm: security.SMACK64
[    3.344650] evm: security.SMACK64EXEC
[    3.345819] evm: security.SMACK64TRANSMUTE
[    3.346885] evm: security.SMACK64MMAP
[    3.347864] evm: security.ima
[    3.350032] evm: security.capability
[    3.354607] clocksource: jiffies: mask: 0xffffffff max_cycles: 0xffffffff, max_idle_ns: 7645041785100000 ns
[    3.363483] futex hash table entries: 512 (order: 3, 32768 bytes)
[    3.366645] pinctrl core: initialized pinctrl subsystem
[    3.368139] RTC time:  7:20:27, date: 01/02/19
[    3.369429] NET: Registered protocol family 16
[    3.382442] cpuidle: using governor ladder
[    3.411464] cpuidle: using governor menu
[    3.440016] PCCT header not found.
[    3.443000] ACPI: bus type PCI registered
[    3.446649] acpiphp: ACPI Hot Plug PCI Controller Driver version: 0.5
[    3.457230] PCI: Using configuration type 1 for base access
[    3.472749] ACPI: Added _OSI(Module Device)
[    3.483158] ACPI: Added _OSI(Processor Device)
[    3.507301] ACPI: Added _OSI(3.0 _SCP Extensions)
[    3.511466] ACPI: Added _OSI(Processor Aggregator Device)
[    3.519376] ACPI: Executed 1 blocks of module-level executable AML code
[    3.533422] ACPI: Interpreter enabled
[    3.547465] ACPI: (supports S0 S5)
[    3.554857] ACPI: Using IOAPIC for interrupt routing
[    3.558222] PCI: Using host bridge windows from ACPI; if necessary, use "pci=nocrs" and report a bug
[    3.569075] ACPI: PCI Root Bridge [PCI0] (domain 0000 [bus 00-ff])
[    3.578943] acpi PNP0A03:00: _OSC: OS supports [ASPM ClockPM Segments MSI]
[    3.616548] acpi PNP0A03:00: _OSC: not requesting OS control; OS requires [ExtendedConfig ASPM ClockPM MSI]
[    3.619077] acpi PNP0A03:00: fail to add MMCONFIG information, can't access extended PCI configuration space under this bridge.
[    3.622783] PCI host bridge to bus 0000:00
[    3.624415] pci_bus 0000:00: root bus resource [io  0x0000-0x0cf7 window]
[    3.626116] pci_bus 0000:00: root bus resource [io  0x0d00-0xffff window]
[    3.627935] pci_bus 0000:00: root bus resource [mem 0x000a0000-0x000bffff window]
[    3.631903] pci_bus 0000:00: root bus resource [mem 0x80000000-0xfdffffff window]
[    3.635338] pci_bus 0000:00: root bus resource [bus 00-ff]
[    3.639557] pci 0000:00:01.1: legacy IDE quirk: reg 0x10: [io  0x01f0-0x01f7]
[    3.645799] pci 0000:00:01.1: legacy IDE quirk: reg 0x14: [io  0x03f6]
[    3.647806] pci 0000:00:01.1: legacy IDE quirk: reg 0x18: [io  0x0170-0x0177]
[    3.649718] pci 0000:00:01.1: legacy IDE quirk: reg 0x1c: [io  0x0376]
[    3.675801] pci 0000:00:07.0: quirk: [io  0x4000-0x403f] claimed by PIIX4 ACPI
[    3.683461] pci 0000:00:07.0: quirk: [io  0x4100-0x410f] claimed by PIIX4 SMB
[    3.693314] ACPI: PCI Interrupt Link [LNKA] (IRQs 5 9 10 *11)
[    3.695746] ACPI: PCI Interrupt Link [LNKB] (IRQs 5 9 *10 11)
[    3.697818] ACPI: PCI Interrupt Link [LNKC] (IRQs 5 *9 10 11)
[    3.699776] ACPI: PCI Interrupt Link [LNKD] (IRQs 5 9 10 *11)
[    3.717005] ACPI: Enabled 2 GPEs in block 00 to 07
[    3.730889] vgaarb: setting as boot device: PCI:0000:00:02.0
[    3.759075] vgaarb: device added: PCI:0000:00:02.0,decodes=io+mem,owns=io+mem,locks=none
[    3.763926] vgaarb: loaded
[    3.773136] vgaarb: bridge control possible 0000:00:02.0
[    3.794032] SCSI subsystem initialized
[    3.795221] ACPI: bus type USB registered
[    3.802110] usbcore: registered new interface driver usbfs
[    3.837850] usbcore: registered new interface driver hub
[    3.840660] usbcore: registered new device driver usb
[    3.856605] PCI: Using ACPI for IRQ routing
[    3.858091] NetLabel: Initializing
[    3.859413] NetLabel:  domain hash size = 128
[    3.877373] NetLabel:  protocols = UNLABELED CIPSOv4
[    3.886067] NetLabel:  unlabeled traffic allowed by default
[    3.887719] amd_nb: Cannot enumerate AMD northbridges
[    3.889098] clocksource: Switched to clocksource kvm-clock
[    3.898941] AppArmor: AppArmor Filesystem Enabled
[    3.902160] pnp: PnP ACPI init
[    3.903894] pnp: PnP ACPI: found 3 devices
[    3917465] clocksource: acpi_pm: mask: 0xffffff max_cycle: 0xffffff, max_idle_ns: 2085701024 ns
[    3.978111] NET: Registered protocol family 2

[    3.979525] TCP established hash table entries: 16384 (order: 5, 131072 bytes)
[    3.981712] TCP bind hash table entries: 16384 (order: 6, 262144 bytes)
[  3.8334 TCP: Hash tables configured (established 16384 bind 16384)
[   .04118] UDP hash table entries: 1024 (order: 3, 32768 bytes)
[    4.160559] UDP-Lite hash table entries: 1024 (order: 3, 32768 bytes)
[    4.162405] NET: Rgiteed protocol family 1
[    4.229180] pci 0000:00:00.0: Limiting direct PCI/PCI traner
[    4.297537]ci 0000:00:.0 Ativating ISA DMA hang workarounds
    4.429679] Unpacking initramfs...

[    4.650933] Freeing initrd memory: 14804K
[    4.665494] platform rtc_cmos: registered platform RTC device (no PNP device found)
[    4.670678] Scanning for low memory corruption every 60 seconds
[    4.673124] audit: initializing netlink subsys (disabled)
[    4.688721] audit: type=2000 audit(1546413632.011:1): initialized
[    4.690613] Initialise system trusted keyring
[    4.700480] HugeTLB registered 2 MB page size, pre-allocated 0 pages
[    4.704638] zbud: loaded
[    4.719968] VFS: Disk quotas dquot_6.6.0
[    4.730865] VFS: Dquot-cache hash table entries: 512 (order 0, 4096 bytes)
[    4.736101] squashfs: version 4.0 (2009/01/31) Phillip Lougher
[    4.739533] fuse init (API version 7.23)
[    4.740726] Key type big_key registered
[    4.743881] Allocating IMA MOK and blacklist keyrings.
[    4.748212] Key type asymmetric registered
[    4.749606] Asymmetric key parser 'x509' registered
[    4.757108] Block layer SCSI generic (bsg) driver version 0.4 loaded (major 249)
[    4.759282] io scheduler noop registered
[    4.760725] io scheduler deadline registered (default)
[    4.765101] io scheduler cfq registered
[    4.778436] pci_hotplug: PCI Hot Plug PCI Core version: 0.5
[    4.780778] pciehp: PCI Express Hot Plug Controller Driver version: 0.4
[    4.798902] ACPI: AC Adapter [AC] (on-line)
[    4.801375] input: Power Button as /devices/LNXSYSTM:00/LNXPWRBN:00/input/input0
[    4.811758] ACPI: Power Button [PWRF]
[    4.831263] input: Sleep Button as /devices/LNXSYSTM:00/LNXSLPBN:00/input/input1
[    4.853912] ACPI: Sleep Button [SLPF]
[    4.873449] GHES: HEST is not enabled!
[    4.873830] ACPI: Battery Slot [BAT0] (battery present)
[  48898] irtio-pc0000:00:03.0: virtio_pci: leaving for legacy driver
[    5.066010] virtio-pi 0000:00:08.0: virtio_pci: leaving for legacy driver

[    5.095657] Serial: 8250/16550 driver, 32 ports, IRQ sharing enabled
[    5.127174] 00:02: ttyS0 at I/O 0x3f8 (irq = 4, base_baud = 115200) is a 16550A
[    5.147489] Linux agpgart interface v0.103
[    5.168475] loop: module loaded
[    5.173929] scsi host0: ata_piix
[    5.195870] scsi host1: ata_piix
[    5.203490] ata1: PATA max UDMA/33 cmd 0x1f0 ctl 0x3f6 bmdma 0xd000 irq 14
[    5.212978] ata2: PATA max UDMA/33 cmd 0x170 ctl 0x376 bmdma 0xd008 irq 15
[    5.215988] libphy: Fixed MDIO Bus: probed
[    5.218631] tun: Universal TUN/TAP device driver, 1.6
[    5.220455] tun: (C) 1999-2004 Max Krasnyansky <maxk@qualcomm.com>
[    5.222987] PPP generic driver version 2.4.2
[    5.224221] ehci_hcd: USB 2.0 'Enhanced' Host Controller (EHCI) Driver
[    5.226046] ehci-pci: EHCI PCI platform driver
[    5.227292] ehci-platform: EHCI generic platform driver
[    5.228636] ohci_hcd: USB 1.1 'Open' Host Controller (OHCI) Driver
[    5.233730] ohci-pci: OHCI PCI platform driver
[    5.234815] ohci-platform: OHCI generic platform driver
[    5.243120] uhci_hcd: USB Universal Host Controller Interface driver
[    5.256673] i8042: PNP: PS/2 Controller [PNP0303:PS2K,PNP0f03:PS2M] at 0x60,0x64 irq 1,12
[    5.259768] serio: i8042 KBD port at 0x60,0x64 irq 1
[    5.273504] serio: i8042 AUX port at 0x60,0x64 irq 12
[    5.285443] mousedev: PS/2 mouse device common for all mice
[    5.308040] rtc_cmos rtc_cmos: rtc core: registered rtc_cmos as rtc0
[    5.332890] rtc_cmos rtc_cmos: alarms up to one day, 114 bytes nvram
[    5.347609] input: AT Translated Set 2 keyboard as /devices/platform/i8042/serio0/input/input2
[    5.360511] i2c /dev entries driver
[    5.365128] device-mapper: uevent: version 1.0.3
[    5.378615] device-mapper: ioctl: 4.34.0-ioctl (2015-10-28) initialised: dm-devel@redhat.com
[    5.432944] ledtrig-cpu: registered to indicate activity on CPUs
[    5.444459] NET: Registered protocol family 10
[    5.460483] NET: Registered protocol family 17
[    5.486243] Key type dns_resolver registered
[    5.495701] registered taskstats version 1
[    5.517251] Loading compiled-in X.509 certificates
[    5.5189] oaed X.509 cert 'Build time autogeerted kernel key: 7c9fb337b82e5a343493fe81c56eae1895c7c'
[    5.667615] tsc: Refined TSC clocksource calibration: 3501.993 MHz
[    5.667616] clocksource: tsc: mask: 0xffffffffffffffff max_cycles: 0x327aac24cce, max_idle_ns: 440795354869 ns

[    5.760371] zswap lad using pool lzo/zbud

[    5.862819] Key type trusted registered
[    5.870039] Key type encrypted registered
[    5.890000] AppArmor: AppArmor sha1 policy hashing enabled
[    5.919075] ima: No TPM chip found, activating TPM-bypass!
[    5.927136] ima: Allocated hash algorithm: sha1
[    5.928458] evm: HMAC attrs: 0x1
[    5.931614]   Magic number: 3:130:318
[    5.938504] tty tty43: hash matches
[    5.939584] rtc_cmos rtc_cmos: setting system clock to 2019-01-02 07:20:30 UTC (1546413630)
[    59592] IO EDD facility v0.16 2004-Jun-25, 0 devices found
[    6.060853] EDD information not available.
 [    6.063498] Freeing unused kernel memory: 1528K
[    6.279996] Write protecting the kernel read-only data: 14336k
[    6.670199] Freeing unused kernel memory: 1660K
[    6.688256] Freeing unused kernel memory: 88K
Loading, please wait...
starting version 229
[    6.739252] random: systemd-udevd: uninitialized urandom read (16 bytes read, 7 bits of entropy available)
[    6.739298] random: udevadm: uninitialized urandom read (16 bytes read, 7 bits of entropy available)
[    6.739310] random: udevadm: uninitialized urandom read (16 bytes read, 7 bits of entropy available)
[    6.745957] random: udevadm: uninitialized urandom read (16 bytes read, 7 bits of entropy available)
[    6.745990] random: udevadm: uninitialized urandom read (16 bytes read, 7 bits of entropy available)
[    6.746132] random: udevadm: uninitialized urandom read (16 bytes read, 7 bits of entropy available)
[    6.746183] random: udevadm: uninitialized urandom read (16 bytes read, 7 bits of entropy available)
[    6.746228] random: udevadm: uninitialized urandom read (16 bytes read, 7 bits of entropy available)
[    6.746343] random: udevadm: uninitialized urandom read (16 bytes read, 7 bits of entropy available)
[    6.746396] random: udevadm: uninitialized urandom read (16 bytes read, 7 bits of entropy available)
[    6.950237] virtio_net virtio0 enp0s3: renamed from eth0
[    6.951788] Fusion MPT base driver 3.04.20
[    6.963877] Copyright (c) 1999-2008 LSI Corporation
[    6.980054] Fusion MPT SPI Host driver 3.04.20
[    6.982445] AVX2 version of gcm_enc/dec engaged.
[    6.983249] mptbase: ioc0: Initiating bringup
[    6.986688] AES CTR mode by8 optimization enabled
[    6.988670] virtio_net virtio1 enp0s8: renamed from eth1
[    7.054563] ioc0: LSI53C1030 A0: Capabilities={Initiator}
[    7.185729] input: ImExPS/2 Generic Explorer Mouse as /devices/platform/i8042/serio1/input/input4
[    7.221878] scsi host2: ioc0: LSI53C1030 A0, FwRev=00000000h, Ports=1, MaxQ=256, IRQ=20
[    7.334056] scsi 2:0:0:0: Direct-Access     VBOX     HARDDISK         1.0  PQ: 0 ANSI: 5
[    7.349402] scsi target2:0:0: Beginning Domain Validation
[    7.352155] scsi target2:0:0: Domain Validation skipping write tests
[    7.353639] scsi target2:0:0: Ending Domain Validation
[    7.354917] scsi target2:0:0: asynchronous
[    7.356788] scsi 2:0:1:0: Direct-Access     VBOX     HARDDISK         1.0  PQ: 0 ANSI: 5
[    7.359211] scsi target2:0:1: Beginning Domain Validation
[    7.366671] scsi target2:0:1: Domain Validation skipping write tests
[    7.387898] scsi target2:0:1: Ending Domain Validation
[    7.434034] scsi target2:0:1: asynchronous
[    7.475063] sd 2:0:0:0: Attached scsi generic sg0 type 0
[    7.476712] sd 2:0:0:0: [sda] 20971520 512-byte logical blocks: (10.7 GB/10.0 GiB)
[    7.490515] sd 2:0:1:0: Attached scsi generic sg1 type 0
[    7.490859] sd 2:0:1:0: [sdb] 20480 512-byte logical blocks: (10.5 MB/10.0 MiB)
[    7.491079] sd 2:0:1:0: [sdb] Write Protect is off
[    7.491233] sd 2:0:1:0: [sdb] Incomplete mode parameter data
[    7.491234] sd 2:0:1:0: [sdb] Assuming drive cache: write through
[    7.531846] sd 2:0:0:0: [sda] Write Protect is off
[    7.531914] sd 2:0:0:0: [sda] Incomplete mode parameter data
[    7.531915] sd 2:0:0:0: [sda] Assuming drive cache: write through
[    7.533066] sd 2:0:1:0: [sdb] Attached SCSI disk
[    7.534659]  sda: sda1
[    7.535243] sd 2:0:0:0: [sda] Attached SCSI disk
Begin: Loading essential drivers[    8.905183] md: linear personality registered for level -1
 ... [    8.929241] md: multipath personality registered for level -4
[    8.934345] md: raid0 personality registered for level 0
[    8.950482] md: raid1 personality registered for level 1
[    9.025394] raid6: sse2x1   gen() 12655 MB/s
[    9.113307] raid6: sse2x1   xor()  9366 MB/s
[    9.193526] raid6: sse2x2   gen() 14928 MB/s
[    9.281374] raid6: sse2x2   xor() 10271 MB/s
[    9.353357] raid6: sse2x4   gen() 16898 MB/s
[    9.425691] raid6: sse2x4   xor() 11867 MB/s
[    9.497384] raid6: avx2x1   gen() 17088 MB/s
[    9.573404] raid6: avx2x2   gen() 15797 MB/s
[    9.665467] raid6: avx2x4   gen() 31057 MB/s
[    9.689754] raid6: using algorithm avx2x4 gen() 31057 MB/s
[    9.706389] raid6: using avx2x2 recovery algorithm
[    9.732320] xor: automatically using best checksumming function:
[    9.781167]    avx       : 28729.000 MB/sec
[    9.818622] async_tx: api initialized (async)
[    9.837160] md: raid6 personality registered for level 6
[    9.838642] md: raid5 personality registered for level 5
[    9.857617] md: raid4 personality registered for level 4
[    9.864640] md: raid10 personality registered for level 10
done.
Begin: Running /scripts/init-premount ... done.
Begin: Mounting root file system ... Begin: Running /scripts/local-top ... done.
Begin: Running /scripts/local-premount ... [    9.914600] Btrfs loaded
Scanning for Btrfs filesystems
done.
Warning: fsck not present, so sk[    9.962620] EXT4-fs (sda1): mounted filesystem with ordered data mode. Opts: (null)
ipping root file system
done.
Begin: Running /scripts/local-bottom ... done.
Begin: Running /scripts/init-bottom ... done.
[   100751] sysemd[1]: systemd 229 running in system mode. (+PAM +AUDIT +SELINUX +IMA +APPARMOR +SMACK +SYSVINIT +UTMP +LCRYPTSETUP +GCRYPT +GNUTLS +ACL +XZ -LZ4 +ECCOMPBLID +ELFUTILS +KMOD -IDN)
[[   10.320003] systemd[1]: Detected virtualization oracle.
[   10.321513] systemd[1]: Detected architecture x86-64.

Welcome to [1mUbuntu 16.04.5 LTS[0m!

[   10.328488] systemd[1]: Set hostname  <ubuntu>.[   1.4091] systemd[1]: Initialiing achine ID from random generator.
[   10.667270]] systemd[1]: Installed transient /etc/machine-d file.

[   10.824298] systemd[1]: Listening on Journal Socket.
[[0;32m  OK  [0m] Listening on Journal Socket.
[   10.827450] systemd[1]: Created slice User and Session Slice.
[[0;32m  OK  [0m] Created slice User and Session Slice.
[   1.2546] ysemd[1 St p utmount ArbitrryExcutbl File Formats File System Automount Point.
[[0;32m  OK  [0m] Set up automount Arbitrary Executab...ats File System Automount Point.
[   11.621990] systemd[1]: Litening on Journal Sckt (/dev/log).

[[0;32m  OK  [0m] Listening on Journal Socket (/dev/log).
[   11.711738] systemd[1]: Listening on LVM2 metadata daemon socket.
[[0;32m  OK  [0m] Listening on LVM2 metadata daemon socket.
[   11.716113] systemd[1]: Listening on Journal Audit Socket.
[[0;32m  OK  [0m] Listening on Journal Audit Socket.
[   11.728303] systemd[1]: Started Trigger resolvconf update for networkd DNS.
[[0;32m  OK  [0m] Started Trigger resolvconf update for networkd DNS.
[   11.747153] systemd[1]: Reached target User and Group Name Lookups.
[[0;32m  OK  [0m] Reached target User and Group Name Lookups.
[   11.785922] systemd[1]: Reached target Encrypted Volumes.
[[0;32m  OK  [0m] Reached target Encrypted Volumes.
[   11.790730] systemd[1]: Created slice System Slice.
[[0;32m  OK  [0m] Created slice System Slice.
[   11.809295] systemd[1]: Mounting Debug File System...
         Mounting Debug File System...
[   11.854320] systemd[1]: Starting Nameserver information manager...
         [   11.856937] random: nonblocking pool is initialized
Starting Nameserver information manager...
[   11.873688] systemd[1]: Mounting POSIX Message Queue File System...
         Mounting POSIX Message Queue File System...
[   11.879919] systemd[1]: Starting Uncomplicated firewall...
         Starting Uncomplicated firewall...
[   11.942049] systemd[1]: Starting Load Kernel Modules...
         Starting Load Kernel Modules...
[   11.960885] systemd[1]: Starting Set console keymap...
         Starting Set console keymap...
[   11.965652] systemd[1]: Mounting Huge Pages File System...
         Mounting Huge Pa[   11.968813] Loading iSCSI transport class v2.0-870.
ges File System...
[   12.005987] systemd[1]: Starting Create list of required static device nodes for the current kernel...
         Starting Create list of required st... nodes for the current kernel...
[   12.019241] iscsi: registered transport (tcp)
[   12.033430] systemd[1]: Starting Remount Root and Kernel File Systems...
         Starting Remount Root and Kernel File Systems...
[   12.040069] EXT4-fs (sda1): re-mounted. Opts: (null)
[   12.040148] systemd[1]: Listening on /dev/initctl Compatibility Named Pipe.
[[0;32m  OK  [0m] Listening on /dev/initctl Compatibility Named Pipe.
[   12.047305] systemd[1]: Created slice system-serial\x2dgetty.slice.
[[0;32m  OK  [0m] Created slice system-serial\x2dgetty.slice.
[   12.064148] iscsi: registered transport (iser)
[   12.065276] systemd[1]: Reached target System Time Synchronized.
[[0;32m  OK  [0m] Reached target System Time Synchronized.
[   121014]systemd[1]: Reached target Slices.

[[0;32m  OK  [0m] Reached target Slices.
[   12.20997] systemd[1]: Lstening onLV2 ol demon sckt. [[0;32m  OK  [0m] Listening on LVM2 poll daemon socket.
[   12.71096] sstemd[1]: Lstning on Syslog Socket.
[[0;32m  OK  [0m] Listening on Syslog Socket.

[   12.833400] systemd[1]: Starting Journal Service...
         Starting Journal Service...
[   12.839658] systemd[1]: Listening on Device-mapper event daemon FIFOs.
[[0;32m  OK  [0m] Listening on Device-mapper event daemon FIFOs.
[   12.848384] systemd[1]: Starting Monitoring of LVM2 mirrors, snapshots etc. using dmeventd or progress polling...
         Starting Monitoring of LVM2 mirrors... dmeventd or progress polling...
[   12.871765] systemd[1]: Listening on udev Control Socket.
[[0;32m  OK  [0m] Listening on udev Control Socket.
[   12.881710] systemd[1]: Started Forward Password Requests to Wall Directory Watch.
[[0;32m  OK  [0m] Started Forward Password Requests to Wall Directory Watch.
[   12.892206] systemd[1]: Reached target Swap.
[[0;32m  OK  [0m] Reached target Swap.
[   12.899781] systemd[1]: Listening on udev Kernel Socket.
[[0;32m  OK  [0m] Listening on udev Kernel Socket.
[   12.914209] systemd[1]: Mounted Huge Pages File System.
[[0;32m  OK  [0m] Mounted Huge Pages File System.
[   12.917806] systemd[1]: Mounted POSIX Message Queue File System.
[[0;32m  OK  [0m] Mounted POSIX Message Queue File System.
[   12.925435] systemd[1]: Mounted Debug File System.
[[0;32m  OK  [0m] Mounted Debug File System.
[   12.928653] systemd[1]: Started Journal Service.
[[0;32m  OK  [0m] Started Journal Service.
[[0;32m  OK  [0m] Started Uncomplicated firewall.
[[0;32m  OK  [0m] Started Load Kernel Modules.
[[0;32m  OK  [0m] Started Set console keymap.
[[0;32m  OK  [0m] Started Create list of required sta...ce nodes for the current kernel.
[[0;32m  OK  [0m] Started Remount Root and Kernel File Systems.
[[0;32m  OK  [0m] Started Nameserver information manager.
[[0;32m  OK  [0m] Started LVM2 metadata daemon.
         Starting udev Coldplug all Devices...
         Starting Load/Save Random Seed...
         Starting Create Static Device Nodes in /dev...
         Starting Apply Kernel Variables...
         Mounting FUSE Control File System...
         Starting Flush Journal to Persistent Storage...
[[0;32m  OK  [0m] Mounted FUSE Control File System.
[[0;32m  OK  [0m] Started Load/Save Random Seed.
[[0;32m  OK  [0m] Started Create Static Device Nodes in /dev.
[[0;32m  OK  [0m] Started Apply Kernel Variables.
[[0;32m  OK  [0m] Started udev Coldplug all Devices.
[[0;32m  OK  [0m] Started Flush Journal to Persistent Storage.
         Starting udev Kernel Device Manager...
[[0;32m  OK  [0m] Started udev Kernel Device Manager.
[[0;32m  OK  [0m] Started Dispatch Password Requests to Console Directory Watch.
[[0;32m  OK  [0m] Found device /dev/ttyS0.
[[0;32m  OK  [0m] Listening on Load/Save RF Kill Switch Status /dev/rfkill Watch.
[[0;32m  OK  [0m] Started Monitoring of LVM2 mirrors,...ng dmeventd or progress polling.
[[0;32m  OK  [0m] Reached target Local File Systems (Pre).
[[0;32m  OK  [0m] Reached target Local File Systems.
         Starting Set console font and keymap...
         Starting Create Volatile Files and Directories...
         Starting Commit a transient machine-id on disk...
         Starting Initial cloud-init job (pre-networking)...
         Starting Tell Plymouth To Write Out Runtime Data...
         Starting LSB: AppArmor initialization...
[[0;32m  OK  [0m] Started Create Volatile Files and Directories.
[[0;32m  OK  [0m] Started Commit a transient machine-id on disk.
         Starting Update UTMP about System Boot/Shutdown...
[[0;32m  OK  [0m] Started Tell Plymouth To Write Out Runtime Data.
[[0;32m  OK  [0m] Started Update UTMP about System Boot/Shutdown.
[[0;1;31mFAILED[0m] Failed to start Set console font and keymap.
See 'systemctl status console-setup.service' for details.
[[0;32m  OK  [0m] Created slice system-getty.slice.
[[0;32m  OK  [0m] Started LSB: AppArmor initialization.
[   11.311032] cloud-init[628]: Cloud-init v. 18.4-0ubuntu1~16.04.2 running 'init-local' at Wed, 02 Jan 2019 07:20:39 +0000. Up 11.11 seconds.
[[0;32m  OK  [0m] Started Initial cloud-init job (pre-networking).
[[0;32m  OK  [0m] Reached target Network (Pre).
         Starting Raise network interfaces...
[[0;32m  OK  [0m] Started Raise network interfaces.
[[0;32m  OK  [0m] Reached target Network.
         Starting Initial cloud-init job (metadata service crawler)...
[   12.140719] cloud-init[914]: Cloud-init v. 18.4-0ubuntu1~16.04.2 running 'init' at Wed, 02 Jan 2019 07:20:39 +0000. Up 11.83 seconds.
[   12.143632] cloud-init[914]: ci-info: ++++++++++++++++++++++++++++++++++++++Net device info++++++++++++++++++++++++++++++++++++++
[   12.146187] cloud-init[914]: ci-info: +--------+-------+---------------------------+---------------+--------+-------------------+
[   12.148826] cloud-init[914]: ci-info: | Device |   Up  |          Address          |      Mask     | Scope  |     Hw-Address    |
[   12.151862] cloud-init[914]: ci-info: +--------+-------+---------------------------+---------------+--------+-------------------+
[   12.154889] cloud-init[914]: ci-info: | enp0s3 |  True |         10.0.2.15         | 255.255.255.0 | global | 02:6c:72:8e:02:ff |
[   12.157562] cloud-init[914]: ci-info: | enp0s3 |  True | fe80::6c:72ff:fe8e:2ff/64 |       .       |  link  | 02:6c:72:8e:02:ff |
[   12.160334] cloud-init[914]: ci-info: | enp0s8 | False |             .             |       .       |   .    | 08:00:27:da:7b:57 |
[   12.163294] cloud-init[914]: ci-info: |   lo   |  True |         127.0.0.1         |   255.0.0.0   |  host  |         .         |
[   12.165973] cloud-init[914]: ci-info: |   lo   |  True |          ::1/128          |       .       |  host  |         .         |
[   12.168678] cloud-init[914]: ci-info: +--------+-------+---------------------------+---------------+--------+-------------------+
[   12.171530] cloud-init[914]: ci-info: +++++++++++++++++++++++++++Route IPv4 info++++++++++++++++++++++++++++
[   12.174262] cloud-init[914]: ci-info: +-------+-------------+----------+---------------+-----------+-------+
[   12.176942] cloud-init[914]: ci-info: | Route | Destination | Gateway  |    Genmask    | Interface | Flags |
[   12.179414] cloud-init[914]: ci-info: +-------+-------------+----------+---------------+-----------+-------+
[   12.186130] cloud-init[914]: ci-info: |   0   |   0.0.0.0   | 10.0.2.2 |    0.0.0.0    |   enp0s3  |   UG  |
[[0;32m  OK  [0m] Started Initial cloud-init job (metadata service crawler).
[[0;32m  OK  [0m] Reached target Network is Online.
[   12.229801] cloud-init[914]: ci-info: |   1   |   10.0.2.0  | 0.0.0.0  | 255.255.255.0 |   enp0s3  |   U   |
[   12.310154] cloud-init[914]: ci-info: +-------+-------------+----------+---------------+-----------+-------+
[   12.342161] cloud-init[914]: ci-info: +++++++++++++++++++Route IPv6 info+++++++++++++++++++
         Starting iSCSI initiator daemon (iscsid)...
[   12.392432] cloud-init[914]: ci-info: +-------+-------------+---------+-----------+-------+
[   12.448992] cloud-init[914]: ci-info: | Route | Destination | Gateway | Interface | Flags |
[   12.484654] cloud-init[914]: ci-info: +-------+-------------+---------+-----------+-------+
[   12.524729] cloud-init[914]: ci-info: |   0   |  fe80::/64  |    ::   |   enp0s3  |   U   |
[[0;32m  OK  [0m] Reached target System Initialization.
[   12.583916] cloud-init[914]: ci-info: |   3   |   ff00::/8  |    ::   |   enp0s3  |   U   |
[   12.613386] cloud-init[914]: ci-info: +-------+-------------+---------+-----------+-------+
[   12.649261] cloud-init[914]: Generating public/private rsa key pair.
[   12.654132] cloud-init[914]: Your identification has been saved in /etc/ssh/ssh_host_rsa_key.
[[0;32m  OK  [0m] Started ACPI Events Check.
[[0;32m  OK  [0m] Reached target Paths.
[[   12.747658] cloud-init[914]: Your public key has been saved in /etc/ssh/ssh_host_rsa_key.pub.
[   12.757134] cloud-init[914]: The key fingerprint is:
[   12.757440] cloud-init[914]: SHA256:HckWEVaqqpufgGLvl6KOhKT/S277tULd2gTHKvnUQxA root@ubuntu-xenial
[0;32m  OK  [0m] Started Daily apt download activities.
[   12.757950] cloud-init[914]: The key's randomart image is:
[[0;32m  OK  [0m] Started Daily apt upgrade and clean activities.
[   12.793128] cloud-init[914]: +---[RSA 2048]----+
[   12.804440] cloud-init[914]: |        E.=+.    |
[   12.805088] cloud-init[914]: |        .o +     |
[   12.805581] cloud-init[914]: |         o*      |
         Starting LXD - unix socket.
[   12.805976] cloud-init[914]: |        .++.     |
[   12.983813] cloud-init[914]: | .     oSB.      |
[   12.984468] cloud-init[914]: |+  .  +.+ =      |
[[0;32m  OK  [0m] Listening on ACPID Listen Socket.
[   12.984877] cloud-init[914]: |+o. o.o+.+ .     |
[   13.091404] cloud-init[914]: |+o.+.*.oo..      |
[   13.091937] cloud-init[914]: |oo+=@*+..        |
[   13.092465] cloud-init[914]: +----[SHA256]-----+
[   13.092716] cloud-init[914]: Generating public/private dsa key pair.
[   13.092969] cloud-init[914]: Your identification has been saved in /etc/ssh/ssh_host_dsa_key.
[   13.093222] cloud-init[914]: Your public key has been saved in /etc/ssh/ssh_host_dsa_key.pub.
[   13.093479] cloud-init[914]: The key fingerprint is:
[   13.093732] cloud-init[914]: SHA256:l9eyfu48z1E4meMr30ZHAWSlJm68ZPVW/RMFgrBBw0I root@ubuntu-xenial
[   13.094040] cloud-init[914]: The key's randomart image is:
[   13.094280] cloud-init[914]: +---[DSA 1024]----+
[   13.094514] cloud-init[914]: |     .Eo=. .o++o.|
[   13.094749] cloud-init[914]: |      . .+. ....o|
[   13.094984] cloud-init[914]: |       ..  . + .+|
[   13.095221] cloud-init[914]: |          o.+..+=|
[   13.095453] cloud-init[914]: |        S o*o B=o|
[   13.095688] cloud-init[914]: |         .+..+.o=|
[   13.095922] cloud-init[914]: |           .. .o.|
[   13.096395] cloud-init[914]: |           ...o+o|
[   13.096630] cloud-init[914]: |            .**++|
[   13.096865] cloud-init[914]: +----[SHA256]-----+
[   13.097100] cloud-init[914]: Generating public/private ecdsa key pair.
[   13.097386] cloud-init[914]: Your identification has been saved in /etc/ssh/ssh_host_ecdsa_key.
[   13.097652] cloud-init[914]: Your public key has been saved in /etc/ssh/ssh_host_ecdsa_key.pub.
[   13.097895] cloud-init[914]: The key fingerprint is:
         Starting Socket activation for snappy daemon.
[[   13.098194] cloud-init[914]: SHA256:fkL+YK5NbO51FomM7DZTI0EG5izFE7jSfd8IcvitWnw root@ubuntu-xenial
[   13.242824] cloud-init[914]: The key's randomart image is:
[   13.243269] cloud-init[914]: +---[ECDSA 256]---+
[   13.243743] cloud-init[914]: |     o=oo        |
[   13.244607] cloud-init[914]: |    .=oo         |
[   13.244934] cloud-init[914]: |   ..ooo.        |
[   13.245225] cloud-init[914]: |  . o.+.++ . .   |
[   13.245522] cloud-init[914]: |   .   =S+=oo    |
[   13.245742] cloud-init[914]: |       B.o+...   |
[   13.245986] cloud-init[914]: |        ^.E o    |
[   13.246219] cloud-init[914]: |       X.X o     |
[   13.246456] cloud-init[914]: |      o+= .      |
[   13.246693] cloud-init[914]: +----[SHA256]-----+
[   13.246929] cloud-init[914]: Generating public/private ed25519 key pair.
[   13.247152] cloud-init[914]: Your identification has been saved in /etc/ssh/ssh_host_ed25519_key.
[   13.247398] cloud-init[914]: Your public key has been saved in /etc/ssh/ssh_host_ed25519_key.pub.
[   13.247628] cloud-init[914]: The key fingerprint is:
[   13.247860] cloud-init[914]: SHA256:raN5hZJXar47E0UE3xmmyh6wNDB4L6//K4nJmUDOjg8 root@ubuntu-xenial
[   13.248308] cloud-init[914]: The key's randomart image is:
[   13.248535] cloud-init[914]: +--[ED25519 256]--+
[   13.248786] cloud-init[914]: |   .o   .o. o    |
[   13.249023] cloud-init[914]: |  . .o   ..+ o   |
[   13.249490] cloud-init[914]: |   . .+  .o o    |
[   13.249541] cloud-init[914]: |  . ...= oo      |
[   13.249774] cloud-init[914]: | +   o..S=.      |
[   13.250005] cloud-init[914]: |  +   +.*o.      |
[   13.250241] cloud-init[914]: |Eo o * *+o       |
[   13.250532] cloud-init[914]: |... B oo=.       |
[   13.250840] cloud-init[914]: | ..  .++=*       |
[   13.251091] cloud-init[914]: +----[SHA256]-----+
[0;32m  OK  [0m] Listening on D-Bus System Message Bus Socket.
[[0;32m  OK  [0m] Listening on UUID daemon activation socket.
[[0;32m  OK  [0m] Started Daily Cleanup of Temporary Directories.
[[0;32m  OK  [0m] Reached target Timers.
[[0;32m  OK  [0m] Reached target Cloud-config availability.
[[0;32m  OK  [0m] Listening on LXD - unix socket.
[[0;32m  OK  [0m] Listening on Socket activation for snappy daemon.
[[0;32m  OK  [0m] Started iSCSI initiator daemon (iscsid).
         Starting Login to default iSCSI targets...
[[0;32m  OK  [0m] Reached target Sockets.
[[0;32m  OK  [0m] Reached target Basic System.
         Starting LSB: Record successful boot for GRUB...
[[0;32m  OK  [0m] Started ACPI event daemon.
         Starting LSB: MD monitoring daemon...
[[0;32m  OK  [0m] Started Regular background program processing daemon.
         Starting /etc/rc.local Compatibility...
[[0;32m  OK  [0m] Started Deferred execution scheduler.
         Starting Virtualbox guest utils...
         Starting Snappy daemon...
[[0;32m  OK  [0m] Started FUSE filesystem for LXC.
         Starting Accounts Service...
         Starting Pollinate to seed the pseudo random number generator...
[[0;32m  OK  [0m] Started D-Bus System Message Bus.
         Starting Login Service...
[[0;32m  OK  [0m] Started Unattended Upgrades Shutdown.
         Starting System Logging Service...
         Starting LXD - container startup/shutdown...
[[0;32m  OK  [0m] Started System Logging Service.
[[0;32m  OK  [0m] Started /etc/rc.local Compatibility.
[[0;32m  OK  [0m] Started Snappy daemon.
[[0;32m  OK  [0m] Started Login to default iSCSI targets.
[[0;32m  OK  [0m] Started LXD - container startup/shutdown.
[[0;32m  OK  [0m] Started LSB: Record successful boot for GRUB.
[[0;32m  OK  [0m] Started LSB: MD monitoring daemon.
         Starting Authenticate and Authorize Users to Run Privileged Tasks...
[[0;32m  OK  [0m] Reached target Remote File Systems (Pre).
[[0;32m  OK  [0m] Reached target Remote File Systems.
         Starting LSB: daemon to balance interrupts for SMP systems...
         Starting LSB: automatic crash report generation...
         Starting LSB: Set the CPU Frequency Scaling governor to "ondemand"...
         Starting Permit User Sessions...
         Starting Wait until snapd is fully seeded...
[[0;32m  OK  [0m] Started Virtualbox guest utils.
[[0;32m  OK  [0m] Started Permit User Sessions.
[[0;32m  OK  [0m] Started Login Service.
[[0;32m  OK  [0m] Started Authenticate and Authorize Users to Run Privileged Tasks.
[[0;32m  OK  [0m] Started Accounts Service.
[[0;32m  OK  [0m] Started LSB: Set the CPU Frequency Scaling governor to "ondemand".
[[0;32m  OK  [0m] Started LSB: daemon to balance interrupts for SMP systems.
[[0;32m  OK  [0m] Started LSB: automatic crash report generation.
         Starting Hold until boot process finishes up...
         Starting Terminate Plymouth Boot Screen...
[[0;32m  OK  [0m] Started Hold until boot process finishes up.
[[0;32m  OK  [0m] Started Terminate Plymouth Boot Screen.
[[0;32m  OK  [0m] Started Serial Getty on ttyS0.
         Starting Set console scheme...
[[0;32m  OK  [0m] Started Getty on tty1.
[[0;32m  OK  [0m] Reached target Login Prompts.
[[0;32m  OK  [0m] Started Set console scheme.
[[0;32m  OK  [0m] Started Pollinate to seed the pseudo random number generator.
         Starting OpenBSD Secure Shell server...
[[0;32m  OK  [0m] Started OpenBSD Secure Shell server.
[[0;32m  OK  [0m] Created slice User Slice of vagrant.
         Starting User Manager for UID 1000...
[[0;32m  OK  [0m] Started Session 1 of user vagrant.
[[0;32m  OK  [0m] Started User Manager for UID 1000.
         Stopping User Manager for UID 1000...
[[0;32m  OK  [0m] Stopped User Manager for UID 1000.
[[0;32m  OK  [0m] Removed slice User Slice of vagrant.
[[0;32m  OK  [0m] Created slice User Slice of vagrant.
         Starting User Manager for UID 1000...
[[0;32m  OK  [0m] Started Session 2 of user vagrant.
[[0;32m  OK  [0m] Started User Manager for UID 1000.
         Starting Hostname Service...
[[0;32m  OK  [0m] Started Hostname Service.
[[0;32m  OK  [0m] Stopped ifup for enp0s3.
[[0;32m  OK  [0m] Started ifup for enp0s3.
[[0;32m  OK  [0m] Stopped ifup for enp0s8.
[[0;32m  OK  [0m] Started ifup for enp0s8.
         Stopping OpenBSD Secure Shell server...
[[0;32m  OK  [0m] Stopped OpenBSD Secure Shell server.
         Starting OpenBSD Secure Shell server...
[[0;32m  OK  [0m] Started OpenBSD Secure Shell server.
[[0;32m  OK  [0m] Started ACPI event daemon.
         Starting Network Name Resolution...
[[0;32m  OK  [0m] Started Network Name Resolution.
[[0;32m  OK  [0m] Started Wait until snapd is fully seeded.
         Starting Apply the settings specified in cloud-config...
[[0;32m  OK  [0m] Reached target Multi-User System.
[[0;32m  OK  [0m] Reached target Graphical Interface.
         Starting Update UTMP about System Runlevel Changes...
[[0;32m  OK  [0m] Started Update UTMP about System Runlevel Changes.
[   19.472779] cloud-init[1956]: Generating locales (this might take a while)...
[   20.075725] cloud-init[1956]:   en_US.UTF-8... done
[   20.076734] cloud-init[1956]: Generation complete.

Ubuntu 16.04.5 LTS k8s-master-01 ttyS0

k8s-master-01 login: [   20.318240] cloud-init[1956]: Cloud-init v. 18.4-0ubuntu1~16.04.2 running 'modules:config' at Wed, 02 Jan 2019 07:20:47 +0000. Up 19.36 seconds.
ci-info: no authorized ssh keys fingerprints found for user ubuntu.
<14>Jan  2 07:20:48 ec2: 
<14>Jan  2 07:20:48 ec2: #############################################################
<14>Jan  2 07:20:48 ec2: -----BEGIN SSH HOST KEY FINGERPRINTS-----
<14>Jan  2 07:20:48 ec2: 1024 SHA256:l9eyfu48z1E4meMr30ZHAWSlJm68ZPVW/RMFgrBBw0I root@ubuntu-xenial (DSA)
<14>Jan  2 07:20:48 ec2: 256 SHA256:fkL+YK5NbO51FomM7DZTI0EG5izFE7jSfd8IcvitWnw root@ubuntu-xenial (ECDSA)
<14>Jan  2 07:20:48 ec2: 256 SHA256:raN5hZJXar47E0UE3xmmyh6wNDB4L6//K4nJmUDOjg8 root@ubuntu-xenial (ED25519)
<14>Jan  2 07:20:48 ec2: 2048 SHA256:HckWEVaqqpufgGLvl6KOhKT/S277tULd2gTHKvnUQxA root@ubuntu-xenial (RSA)
<14>Jan  2 07:20:48 ec2: -----END SSH HOST KEY FINGERPRINTS-----
<14>Jan  2 07:20:48 ec2: #############################################################
-----BEGIN SSH HOST KEY KEYS-----
ecdsa-sha2-nistp256 AAAAE2VjZHNhLXNoYTItbmlzdHAyNTYAAAAIbmlzdHAyNTYAAABBBI6a6V6YcUeQ2V/AQ8CZCHws8Czv/JBVGR1guyyekEecK+CpvDexGV+mzJt7sKWiRhM5cxU+ZvWP78V3BMeeHvw= root@ubuntu-xenial
ssh-ed25519 AAAAC3NzaC1lZDI1NTE5AAAAII1Ipy7I0EFzKFfXS9d5BUFwBxafSAMwN3L6f5qu8vTg root@ubuntu-xenial
ssh-rsa AAAAB3NzaC1yc2EAAAADAQABAAABAQC/NcNTuwkMwHSZndcGxlaFrjWI6OHaTyGWSdkRSAd9u/1hDwz6Hiu+ABWeKO20O3uxOiHs2uaIvfk6Oai5nOHwhuNdbKCnBmMVsoHOZOCgRDIFvX2PgHHTkMjZuUlXIYwFhrTbjw4ksfA5fsYseK4JfDSsdj3yJ+aaU0oZVb0iXvX8bveJnMoVu3rOTxVtvUh1Sh2jHXrNonZEjjm8EGebot2db4MuJoC20zwc3wQ8fqhLaASdKcxTLwhT9z7C+EO4YeGSW6cx8mzkoFw+D+//IihrEWLfli/JqeOv+ZynnoudF5os4tvFtmHUdBTqsNgRCHaMngEmFnaoTtclh6X7 root@ubuntu-xenial
-----END SSH HOST KEY KEYS-----
[   20.692457] cloud-init[2078]: Cloud-init v. 18.4-0ubuntu1~16.04.2 running 'modules:final' at Wed, 02 Jan 2019 07:20:48 +0000. Up 20.61 seconds.
[   20.692743] cloud-init[2078]: ci-info: no authorized ssh keys fingerprints found for user ubuntu.
[   20.692843] cloud-init[2078]: Cloud-init v. 18.4-0ubuntu1~16.04.2 finished at Wed, 02 Jan 2019 07:20:48 +0000. Datasource DataSourceNoCloud [seed=/dev/sdb][dsmode=net].  Up 20.68 seconds
